d:\medieninformatik bachelor\2. semester\übungen\programmierung ii\beleg_neu\beleg\x64\debug\beleg.pch
d:\medieninformatik bachelor\2. semester\übungen\programmierung ii\beleg_neu\beleg\x64\debug\vc141.pdb
d:\medieninformatik bachelor\2. semester\übungen\programmierung ii\beleg_neu\beleg\x64\debug\vc141.idb
d:\medieninformatik bachelor\2. semester\übungen\programmierung ii\beleg_neu\beleg\x64\debug\stdafx.obj
d:\medieninformatik bachelor\2. semester\übungen\programmierung ii\beleg_neu\beleg\x64\debug\xunzip.obj
d:\medieninformatik bachelor\2. semester\übungen\programmierung ii\beleg_neu\beleg\x64\debug\spritelib.obj
d:\medieninformatik bachelor\2. semester\übungen\programmierung ii\beleg_neu\beleg\x64\debug\ctowers.obj
d:\medieninformatik bachelor\2. semester\übungen\programmierung ii\beleg_neu\beleg\x64\debug\cgame.obj
d:\medieninformatik bachelor\2. semester\übungen\programmierung ii\beleg_neu\beleg\x64\debug\cdisks.obj
d:\medieninformatik bachelor\2. semester\übungen\programmierung ii\beleg_neu\beleg\x64\debug\belegdlg.obj
d:\medieninformatik bachelor\2. semester\übungen\programmierung ii\beleg_neu\beleg\x64\debug\beleg.obj
d:\medieninformatik bachelor\2. semester\übungen\programmierung ii\beleg_neu\x64\debug\beleg.ilk
d:\medieninformatik bachelor\2. semester\übungen\programmierung ii\beleg_neu\x64\debug\beleg.exe
d:\medieninformatik bachelor\2. semester\übungen\programmierung ii\beleg_neu\x64\debug\beleg.pdb
d:\medieninformatik bachelor\2. semester\übungen\programmierung ii\beleg_neu\beleg\x64\debug\beleg.res
d:\medieninformatik bachelor\2. semester\übungen\programmierung ii\beleg_neu\beleg\x64\debug\beleg.tlog\cl.command.1.tlog
d:\medieninformatik bachelor\2. semester\übungen\programmierung ii\beleg_neu\beleg\x64\debug\beleg.tlog\cl.read.1.tlog
d:\medieninformatik bachelor\2. semester\übungen\programmierung ii\beleg_neu\beleg\x64\debug\beleg.tlog\cl.write.1.tlog
d:\medieninformatik bachelor\2. semester\übungen\programmierung ii\beleg_neu\beleg\x64\debug\beleg.tlog\link.command.1.tlog
d:\medieninformatik bachelor\2. semester\übungen\programmierung ii\beleg_neu\beleg\x64\debug\beleg.tlog\link.read.1.tlog
d:\medieninformatik bachelor\2. semester\übungen\programmierung ii\beleg_neu\beleg\x64\debug\beleg.tlog\link.write.1.tlog
d:\medieninformatik bachelor\2. semester\übungen\programmierung ii\beleg_neu\beleg\x64\debug\beleg.tlog\rc.command.1.tlog
d:\medieninformatik bachelor\2. semester\übungen\programmierung ii\beleg_neu\beleg\x64\debug\beleg.tlog\rc.read.1.tlog
d:\medieninformatik bachelor\2. semester\übungen\programmierung ii\beleg_neu\beleg\x64\debug\beleg.tlog\rc.write.1.tlog
